nvcc -c -g -lineinfo -Xcompiler -Wall -Xcompiler -fopenmp -m64 -DSAVE_DETECTORS -use_fast_math -arch=sm_30 -DMCX_TARGET_NAME='"Fermi MCX"' -DUSE_ATOMIC -use_fast_math -DSAVE_DETECTORS -o mcx_core.o  mcx_core.cu
cc -Izmat -Izmat/easylzma -I/usr/local/cuda/include -Iubj -g -Wall -std=c99  -fopenmp -m64 -c -o mcx_utils.o  mcx_utils.c
cc -Izmat -Izmat/easylzma -I/usr/local/cuda/include -Iubj -g -Wall -std=c99  -fopenmp -m64 -c -o mcx_shapes.o  mcx_shapes.c
cc -Izmat -Izmat/easylzma -I/usr/local/cuda/include -Iubj -g -Wall -std=c99  -fopenmp -m64 -c -o tictoc.o  tictoc.c
cc -Izmat -Izmat/easylzma -I/usr/local/cuda/include -Iubj -g -Wall -std=c99  -fopenmp -m64 -c -o mcextreme.o  mcextreme.c
gcc -Izmat -Izmat/easylzma -I/usr/local/cuda/include -Iubj -c -o mcx_bench.o  mcx_bench.c
cc -Izmat -Izmat/easylzma -I/usr/local/cuda/include -Iubj -g -Wall -std=c99  -fopenmp -m64 -c -o cjson/cJSON.o  cjson/cJSON.c
cc -Izmat -Izmat/easylzma -I/usr/local/cuda/include -Iubj -g -Wall -std=c99  -fopenmp -m64 -c -o ubj/ubjw.o  ubj/ubjw.c
make -C zmat lib AR=ar CPPOPT="-fPIC -O3" USERLINKOPT=
make[1]: Entering directory '/drives/taote1/users/fangq/autobuild/nightly/mcx/mcx/mcx/src/zmat'
Building zmatlib.o
cc -Ieasylzma -Ieasylzma/pavlov -Ilz4 -fPIC -O3 -c -o zmatlib.o zmatlib.c
Building lz4/lz4.o
cc -Ieasylzma -Ieasylzma/pavlov -Ilz4 -fPIC -O3 -c -o lz4/lz4.o lz4/lz4.c
Building lz4/lz4hc.o
cc -Ieasylzma -Ieasylzma/pavlov -Ilz4 -fPIC -O3 -c -o lz4/lz4hc.o lz4/lz4hc.c
Building easylzma/compress.o
cc -Ieasylzma -Ieasylzma/pavlov -Ilz4 -fPIC -O3 -c -o easylzma/compress.o easylzma/compress.c
Building easylzma/decompress.o
cc -Ieasylzma -Ieasylzma/pavlov -Ilz4 -fPIC -O3 -c -o easylzma/decompress.o easylzma/decompress.c
Building easylzma/lzma_header.o
cc -Ieasylzma -Ieasylzma/pavlov -Ilz4 -fPIC -O3 -c -o easylzma/lzma_header.o easylzma/lzma_header.c
Building easylzma/lzip_header.o
cc -Ieasylzma -Ieasylzma/pavlov -Ilz4 -fPIC -O3 -c -o easylzma/lzip_header.o easylzma/lzip_header.c
Building easylzma/common_internal.o
cc -Ieasylzma -Ieasylzma/pavlov -Ilz4 -fPIC -O3 -c -o easylzma/common_internal.o easylzma/common_internal.c
Building easylzma/pavlov/LzmaEnc.o
cc -Ieasylzma -Ieasylzma/pavlov -Ilz4 -fPIC -O3 -c -o easylzma/pavlov/LzmaEnc.o easylzma/pavlov/LzmaEnc.c
Building easylzma/pavlov/LzmaDec.o
cc -Ieasylzma -Ieasylzma/pavlov -Ilz4 -fPIC -O3 -c -o easylzma/pavlov/LzmaDec.o easylzma/pavlov/LzmaDec.c
Building easylzma/pavlov/LzmaLib.o
cc -Ieasylzma -Ieasylzma/pavlov -Ilz4 -fPIC -O3 -c -o easylzma/pavlov/LzmaLib.o easylzma/pavlov/LzmaLib.c
Building easylzma/pavlov/LzFind.o
cc -Ieasylzma -Ieasylzma/pavlov -Ilz4 -fPIC -O3 -c -o easylzma/pavlov/LzFind.o easylzma/pavlov/LzFind.c
Building easylzma/pavlov/Bra.o
cc -Ieasylzma -Ieasylzma/pavlov -Ilz4 -fPIC -O3 -c -o easylzma/pavlov/Bra.o easylzma/pavlov/Bra.c
Building easylzma/pavlov/BraIA64.o
cc -Ieasylzma -Ieasylzma/pavlov -Ilz4 -fPIC -O3 -c -o easylzma/pavlov/BraIA64.o easylzma/pavlov/BraIA64.c
Building easylzma/pavlov/Alloc.o
cc -Ieasylzma -Ieasylzma/pavlov -Ilz4 -fPIC -O3 -c -o easylzma/pavlov/Alloc.o easylzma/pavlov/Alloc.c
Building easylzma/pavlov/7zCrc.o
cc -Ieasylzma -Ieasylzma/pavlov -Ilz4 -fPIC -O3 -c -o easylzma/pavlov/7zCrc.o easylzma/pavlov/7zCrc.c
Building ../libzmat.a
ar cr -o ../libzmat.a zmatlib.o lz4/lz4.o lz4/lz4hc.o easylzma/compress.o easylzma/decompress.o easylzma/lzma_header.o easylzma/lzip_header.o easylzma/common_internal.o easylzma/pavlov/LzmaEnc.o easylzma/pavlov/LzmaDec.o easylzma/pavlov/LzmaLib.o easylzma/pavlov/LzFind.o easylzma/pavlov/Bra.o easylzma/pavlov/BraIA64.o easylzma/pavlov/Alloc.o easylzma/pavlov/7zCrc.o  
make[1]: Leaving directory '/drives/taote1/users/fangq/autobuild/nightly/mcx/mcx/mcx/src/zmat'
g++ mcx_core.o mcx_utils.o mcx_shapes.o tictoc.o mcextreme.o mcx_bench.o cjson/cJSON.o ubj/ubjw.o -o ../bin/mcx -L/usr/local/cuda/lib64 -lcudadevrt -lcudart_static -ldl -lrt -static-libgcc -static-libstdc++ -lm -static-libgcc -static-libstdc++  -fopenmp  libzmat.a -lz -Wl,-Bstatic -lgomp -Wl,-Bdynamic
Build Successfully
